TN:
SF:/Users/nix/_labs/nodeweather/src/browser/index.js
FNF:0
FNH:0
DA:1,0
DA:2,0
DA:3,0
DA:5,0
LF:4
LH:0
BRF:0
BRH:0
end_of_record
TN:
SF:/Users/nix/_labs/nodeweather/src/server/index.js
FN:14,(anonymous_1)
FN:19,(anonymous_2)
FN:20,(anonymous_3)
FN:49,(anonymous_4)
FNF:4
FNH:0
FNDA:0,(anonymous_1)
FNDA:0,(anonymous_2)
FNDA:0,(anonymous_3)
FNDA:0,(anonymous_4)
DA:1,0
DA:2,0
DA:3,0
DA:4,0
DA:5,0
DA:6,0
DA:7,0
DA:9,0
DA:10,0
DA:12,0
DA:14,0
DA:16,0
DA:18,0
DA:19,0
DA:21,0
DA:22,0
DA:30,0
DA:37,0
DA:39,0
DA:47,0
DA:50,0
DA:54,0
DA:55,0
LF:23
LH:0
BRDA:16,0,0,0
BRDA:16,0,1,0
BRF:2
BRH:0
end_of_record
TN:
SF:/Users/nix/_labs/nodeweather/src/shared/App.js
FN:7,(anonymous_0)
FN:31,(anonymous_1)
FN:35,(anonymous_2)
FN:39,(anonymous_3)
FN:45,(anonymous_4)
FN:46,(anonymous_5)
FN:59,(anonymous_6)
FN:66,(anonymous_7)
FN:75,(anonymous_8)
FN:96,(anonymous_9)
FNF:10
FNH:4
FNDA:2,(anonymous_0)
FNDA:2,(anonymous_1)
FNDA:0,(anonymous_2)
FNDA:2,(anonymous_3)
FNDA:0,(anonymous_4)
FNDA:0,(anonymous_5)
FNDA:0,(anonymous_6)
FNDA:0,(anonymous_7)
FNDA:3,(anonymous_8)
FNDA:0,(anonymous_9)
DA:8,2
DA:10,2
DA:16,2
DA:17,2
DA:18,2
DA:20,0
DA:23,2
DA:28,2
DA:32,2
DA:36,0
DA:40,2
DA:41,2
DA:42,0
DA:44,0
DA:45,0
DA:47,0
DA:48,0
DA:57,0
DA:60,0
DA:61,0
DA:67,0
DA:68,0
DA:70,0
DA:72,0
DA:83,3
DA:85,3
DA:96,0
LF:27
LH:12
BRDA:16,0,0,2
BRDA:16,0,1,0
BRDA:41,1,0,0
BRDA:41,1,1,2
BRDA:41,2,0,2
BRDA:41,2,1,2
BRDA:99,3,0,3
BRDA:99,3,1,1
BRF:8
BRH:6
end_of_record
TN:
SF:/Users/nix/_labs/nodeweather/src/shared/Form.js
FN:3,(anonymous_0)
FNF:1
FNH:1
FNDA:2,(anonymous_0)
DA:3,2
DA:4,2
LF:2
LH:2
BRF:0
BRH:0
end_of_record
TN:
SF:/Users/nix/_labs/nodeweather/src/shared/Html.js
FN:3,Html
FNF:1
FNH:0
FNDA:0,Html
DA:1,0
DA:3,0
LF:2
LH:0
BRF:0
BRH:0
end_of_record
TN:
SF:/Users/nix/_labs/nodeweather/src/shared/utils.js
FN:2,(anonymous_0)
FN:4,(anonymous_1)
FNF:2
FNH:2
FNDA:5,(anonymous_0)
FNDA:7,(anonymous_1)
DA:2,5
DA:4,2
DA:5,7
DA:6,7
DA:7,7
LF:5
LH:5
BRF:0
BRH:0
end_of_record
